2019-11-12 11:00:14,749 INFO [root] [app.py(<module>:71)] - hello
2019-11-12 11:00:45,099 INFO [root] [app.py(<module>:71)] - hello
2019-11-12 11:00:45,109 INFO [root] [Test_iHRM_Emp.py(test_add:35)] - 新增员工信息
2019-11-12 11:00:45,109 WARNING [root] [Test_iHRM_Emp.py(test_delete:76)] - 删除员工信息
2019-11-12 11:00:45,109 INFO [root] [Test_iHRM_Emp.py(test_get:63)] - 获取员工信息
2019-11-12 11:00:45,109 WARNING [root] [Test_iHRM_Emp.py(test_update:51)] - 修改员工信息
2019-11-12 11:09:17,489 INFO [root] [app.py(<module>:71)] - hello
2019-11-12 11:09:17,494 INFO [root] [Test_iHRM_Emp.py(test_add:35)] - 新增员工信息
2019-11-12 11:09:17,494 WARNING [root] [Test_iHRM_Emp.py(test_delete:76)] - 删除员工信息
2019-11-12 11:09:17,494 INFO [root] [Test_iHRM_Emp.py(test_get:63)] - 获取员工信息
2019-11-12 11:09:17,494 WARNING [root] [Test_iHRM_Emp.py(test_update:51)] - 修改员工信息
2019-11-12 11:11:58,848 INFO [root] [app.py(<module>:71)] - hello
2019-11-12 11:12:34,259 INFO [root] [app.py(<module>:71)] - hello
2019-11-12 11:12:34,418 INFO [root] [Test_iHRM_Emp.py(test_add:35)] - 新增员工信息
2019-11-12 11:12:34,418 INFO [root] [Test_iHRM_Emp.py(test_add:35)] - 新增员工信息
2019-11-12 11:12:34,447 WARNING [root] [Test_iHRM_Emp.py(test_update:51)] - 修改员工信息
2019-11-12 11:12:34,447 WARNING [root] [Test_iHRM_Emp.py(test_update:51)] - 修改员工信息
2019-11-12 11:12:34,468 INFO [root] [Test_iHRM_Emp.py(test_get:63)] - 获取员工信息
2019-11-12 11:12:34,468 INFO [root] [Test_iHRM_Emp.py(test_get:63)] - 获取员工信息
2019-11-12 11:12:34,488 WARNING [root] [Test_iHRM_Emp.py(test_delete:76)] - 删除员工信息
2019-11-12 11:12:34,488 WARNING [root] [Test_iHRM_Emp.py(test_delete:76)] - 删除员工信息
